\BOOKMARK [0][-]{chapter*.4}{\315ndice general}{}% 1
\BOOKMARK [0][-]{chapter*.5}{\315ndice de figuras}{}% 2
\BOOKMARK [0][-]{chapter.1}{BLOQUE 1: DESCRIPCI\323N DEL PROYECTO}{}% 3
\BOOKMARK [1][-]{section.1.1}{Introducci\363n y motivaci\363n}{chapter.1}% 4
\BOOKMARK [1][-]{section.1.2}{Objetivos del proyecto}{chapter.1}% 5
\BOOKMARK [1][-]{section.1.3}{Estado del arte}{chapter.1}% 6
\BOOKMARK [1][-]{section.1.4}{Elicitaci\363n de requisitos y an\341lisis de riesgos}{chapter.1}% 7
\BOOKMARK [0][-]{chapter.2}{BLOQUE 2: EJECUCI\323N DEL PROYECTO}{}% 8
\BOOKMARK [1][-]{section.2.1}{Dise\361o del sistema}{chapter.2}% 9
\BOOKMARK [1][-]{section.2.2}{Implementaci\363n}{chapter.2}% 10
\BOOKMARK [2][-]{subsection.2.2.1}{Tecnolog\355as empleadas}{section.2.2}% 11
\BOOKMARK [2][-]{subsection.2.2.2}{Desarrollo}{section.2.2}% 12
\BOOKMARK [1][-]{section.2.3}{Pruebas del sistema}{chapter.2}% 13
\BOOKMARK [0][-]{chapter.3}{BLOQUE 3: PLANIFICACI\323N DEL PROYECTO}{}% 14
\BOOKMARK [1][-]{section.3.1}{Planificaci\363n temporal inicial}{chapter.3}% 15
\BOOKMARK [1][-]{section.3.2}{Planificaci\363n financiera inicial}{chapter.3}% 16
\BOOKMARK [1][-]{section.3.3}{Planificaci\363n temporal final \(real\)}{chapter.3}% 17
\BOOKMARK [1][-]{section.3.4}{Planificaci\363n financiera final}{chapter.3}% 18
\BOOKMARK [1][-]{section.3.5}{Estudio de mercado}{chapter.3}% 19
\BOOKMARK [2][-]{subsection.3.5.1}{Clientes potenciales}{section.3.5}% 20
\BOOKMARK [2][-]{subsection.3.5.2}{Plan de comercializaci\363n}{section.3.5}% 21
\BOOKMARK [1][-]{chapter*.8}{Referencias}{chapter.3}% 22
